<?xml version="1.0" encoding="UTF-8"?>
<!-- Generated by org.testng.reporters.JUnitReportReporter -->
<testsuite hostname="zhaodong-PC" name="yorhome.testcases.LoginCase" tests="1" failures="0" timestamp="24 Apr 2016 09:22:05 GMT" time="31.437" errors="0">
  <testcase name="Login" time="31.437" classname="yorhome.testcases.LoginCase"/>
</testsuite> <!-- yorhome.testcases.LoginCase -->
