<?xml version="1.0" encoding="UTF-8"?>
<!-- Generated by org.testng.reporters.JUnitReportReporter -->
<testsuite hostname="zhaodong-PC" name="yorhome.testcases.NewLoginCase" tests="1" failures="0" timestamp="24 Apr 2016 12:01:09 GMT" time="31.085" errors="0">
  <testcase name="Login" time="31.085" classname="yorhome.testcases.NewLoginCase"/>
</testsuite> <!-- yorhome.testcases.NewLoginCase -->
