<?xml version="1.0" encoding="UTF-8"?>
<!-- Generated by org.testng.reporters.JUnitReportReporter -->
<testsuite hostname="zhaodong-PC" name="selenium.test.Test_2" tests="2" failures="0" timestamp="16 Apr 2016 13:53:46 GMT" time="0.067" errors="0">
  <testcase name="baidu2" time="0.005" classname="selenium.test.Test_2"/>
  <testcase name="baidu1" time="0.062" classname="selenium.test.Test_2"/>
</testsuite> <!-- selenium.test.Test_2 -->
