<?xml version="1.0" encoding="UTF-8"?>
<!-- Generated by org.testng.reporters.JUnitReportReporter -->
<testsuite hostname="zhaodong-PC" name="yorhome.testcases.NewLoginCase3" tests="1" failures="0" timestamp="13 May 2016 07:25:15 GMT" time="27.337" errors="0">
  <testcase name="Login" time="27.337" classname="yorhome.testcases.NewLoginCase3"/>
</testsuite> <!-- yorhome.testcases.NewLoginCase3 -->
