<?xml version="1.0" encoding="UTF-8"?>
<!-- Generated by org.testng.reporters.JUnitReportReporter -->
<testsuite hostname="zhaodong-PC" name="selenium.test.Test_Parameters" tests="1" failures="0" timestamp="16 Apr 2016 12:04:29 GMT" time="0.117" errors="0">
  <testcase name="f" time="0.117" classname="selenium.test.Test_Parameters"/>
</testsuite> <!-- selenium.test.Test_Parameters -->
