<?xml version="1.0" encoding="UTF-8"?>
<!-- Generated by org.testng.reporters.JUnitReportReporter -->
<testsuite hostname="zhaodong-PC" name="com.zhaodong.pkg1.Test_2" tests="3" failures="0" timestamp="16 Apr 2016 14:52:26 GMT" time="0.083" errors="0">
  <testcase name="baidu4" time="0.017" classname="com.zhaodong.pkg1.Test_2"/>
  <testcase name="baidu3" time="0.066" classname="com.zhaodong.pkg1.Test_2"/>
  <testcase name="baidu2" time="0.000" classname="com.zhaodong.pkg1.Test_2"/>
</testsuite> <!-- com.zhaodong.pkg1.Test_2 -->
